<?xml version="1.0" encoding="UTF-8"?>
<!-- Generated by org.testng.reporters.JUnitReportReporter -->
<testsuite skipped="0" hostname="gopal-PC" name="com.qa.pages.TestCases.HomePageTest" tests="4" failures="0" timestamp="25 Jun 2019 19:38:35 GMT" time="177.381" errors="0">
  <testcase name="PageLogoTest" time="35.829" classname="com.qa.pages.TestCases.HomePageTest"/>
  <testcase name="HomePageText" time="70.368" classname="com.qa.pages.TestCases.HomePageTest"/>
  <testcase name="SignInBtnTest" time="35.775" classname="com.qa.pages.TestCases.HomePageTest"/>
  <testcase name="ContactsPageTest" time="35.409" classname="com.qa.pages.TestCases.HomePageTest"/>
</testsuite> <!-- com.qa.pages.TestCases.HomePageTest -->
