<?xml version="1.0" encoding="UTF-8"?>
<!-- Generated by org.testng.reporters.JUnitReportReporter -->
<testsuite skipped="0" hostname="gopal-PC" name="com.qa.pages.TestCases.HomePageTest" tests="1" failures="0" timestamp="03 Jul 2019 19:27:21 GMT" time="62.771" errors="0">
  <testcase name="verifyEveningDresslinkVisibleTest" time="62.771" classname="com.qa.pages.TestCases.HomePageTest"/>
</testsuite> <!-- com.qa.pages.TestCases.HomePageTest -->
