<?xml version="1.0" encoding="UTF-8"?>
<!-- Generated by org.testng.reporters.JUnitReportReporter -->
<testsuite skipped="0" hostname="gopal-PC" name="com.qa.pages.TestCases.HomePageTest" tests="4" failures="0" timestamp="28 Jun 2019 19:57:19 GMT" time="358.142" errors="0">
  <testcase name="PageLogoTest" time="60.041" classname="com.qa.pages.TestCases.HomePageTest"/>
  <testcase name="HomePageText" time="174.201" classname="com.qa.pages.TestCases.HomePageTest"/>
  <testcase name="SignInBtnTest" time="64.728" classname="com.qa.pages.TestCases.HomePageTest"/>
  <testcase name="ContactsPageTest" time="59.172" classname="com.qa.pages.TestCases.HomePageTest"/>
</testsuite> <!-- com.qa.pages.TestCases.HomePageTest -->
