<?xml version="1.0" encoding="UTF-8"?>
<!-- Generated by org.testng.reporters.JUnitReportReporter -->
<testsuite skipped="0" hostname="gopal-PC" name="com.qa.pages.TestCases.HomePageTest" tests="5" failures="0" timestamp="08 Jul 2019 20:10:58 GMT" time="344.051" errors="0">
  <testcase name="PageLogoTest" time="91.555" classname="com.qa.pages.TestCases.HomePageTest"/>
  <testcase name="HomePageText" time="57.909" classname="com.qa.pages.TestCases.HomePageTest"/>
  <testcase name="SignInBtnTest" time="71.281" classname="com.qa.pages.TestCases.HomePageTest"/>
  <testcase name="ContactsPageTest" time="65.645" classname="com.qa.pages.TestCases.HomePageTest"/>
  <testcase name="verifyEveningDresslinkVisibleTest" time="57.661" classname="com.qa.pages.TestCases.HomePageTest"/>
</testsuite> <!-- com.qa.pages.TestCases.HomePageTest -->
