<?xml version="1.0" encoding="UTF-8"?>
<!-- Generated by org.testng.reporters.JUnitReportReporter -->
<testsuite skipped="0" hostname="gopal-PC" name="com.qa.pages.TestCases.SignInPageTests" tests="1" failures="0" timestamp="03 Jul 2019 20:35:58 GMT" time="63.884" errors="0">
  <testcase name="verifyCallusNowTextTest" time="63.884" classname="com.qa.pages.TestCases.SignInPageTests"/>
</testsuite> <!-- com.qa.pages.TestCases.SignInPageTests -->
